
2020-12-18 16:43:48,310 login INFO:  用户:song注册成功
2020-12-18 16:44:57,084 login INFO:  用户:song登入了
2020-12-18 16:44:58,717 login INFO:  用户:song查看了购物车
2020-12-18 16:45:32,927 login INFO:  用户:shawn注册成功
2020-12-18 16:50:50,972 login INFO:  用户:xing注册成功
2020-12-18 16:52:24,742 login INFO:  用户:yanxi注册成功
2020-12-18 16:54:46,486 login INFO:  用户:aaaa注册成功
2020-12-18 16:54:54,890 login INFO:  用户:shawn登入了
2020-12-18 16:55:45,038 login INFO:  用户:shawn查看了个人流水
2020-12-18 16:56:32,636 login INFO:  用户:shawn在商城消费了60元
2020-12-18 16:56:39,530 login INFO:  用户:shawn查看了购物车
2020-12-18 16:57:12,699 login INFO:  用户shawn已被锁定
2020-12-18 16:57:29,718 login INFO:  用户shawn已经解除解锁
2020-12-18 16:58:26,961 login INFO:  用户:aaaa注册成功
2020-12-18 17:01:13,044 login INFO:  用户:ssss注册成功
2020-12-18 17:01:31,658 login INFO:  用户:shawn登入了
2020-12-18 17:09:56,711 login INFO:  用户:song登入了
2020-12-18 17:16:49,317 login INFO:  用户:shawn登入了
2020-12-18 17:18:37,678 login INFO:  用户:shawn登入了
2020-12-18 17:21:24,013 login INFO:  用户:shawn登入了
2020-12-18 17:21:54,027 login INFO:  用户:shawn登入了
2020-12-18 17:23:34,735 login INFO:  用户:shawn登入了
2020-12-18 17:24:11,973 login INFO:  用户:shawn登入了
2020-12-18 17:24:37,317 login INFO:  用户:shawn登入了
2020-12-18 17:24:57,391 login INFO:  用户:shawn登入了
2020-12-18 17:25:15,540 login INFO:  用户:shawn登入了
2020-12-18 17:25:53,401 login INFO:  用户:shawn登入了
2020-12-18 17:26:12,341 login INFO:  用户:shawn查看了购物车
2020-12-18 17:28:33,948 login INFO:  用户:shawn登入了
2020-12-18 17:29:11,505 login INFO:  用户:shawn登入了
2020-12-18 17:30:57,281 login INFO:  用户:shawn登入了
